<?xml version="1.0" encoding="UTF-8"?>
<testng-results ignored="0" total="1" passed="1" failed="0" skipped="0">
  <reporter-output>
  </reporter-output>
  <suite started-at="2022-01-03T22:22:04 IST" name="Default suite" finished-at="2022-01-03T22:22:06 IST" duration-ms="2516">
    <groups>
    </groups>
    <test started-at="2022-01-03T22:22:04 IST" name="Default test" finished-at="2022-01-03T22:22:06 IST" duration-ms="2516">
      <class name="pack2.NewTest">
        <test-method is-config="true" signature="beforeTest()[pri:0, instance:pack2.NewTest@20ccf40b]" started-at="2022-01-03T22:22:04 IST" name="beforeTest" finished-at="2022-01-03T22:22:04 IST" duration-ms="5" status="PASS">
          <reporter-output>
          </reporter-output>
        </test-method> <!-- beforeTest -->
        <test-method signature="f()[pri:0, instance:pack2.NewTest@20ccf40b]" started-at="2022-01-03T22:22:04 IST" name="f" finished-at="2022-01-03T22:22:06 IST" duration-ms="2485" status="PASS">
          <reporter-output>
          </reporter-output>
        </test-method> <!-- f -->
        <test-method is-config="true" signature="afterTest()[pri:0, instance:pack2.NewTest@20ccf40b]" started-at="2022-01-03T22:22:06 IST" name="afterTest" finished-at="2022-01-03T22:22:06 IST" duration-ms="0" status="PASS">
          <reporter-output>
          </reporter-output>
        </test-method> <!-- afterTest -->
      </class> <!-- pack2.NewTest -->
    </test> <!-- Default test -->
  </suite> <!-- Default suite -->
</testng-results>
